{
  "RSpec": {
    "coverage": {
      "/home/yata/breadgram/app/helpers/application_helper.rb": {
        "lines": [
          1,
          null
        ],
        "branches": {}
      },
      "/home/yata/breadgram/app/helpers/home_helper.rb": {
        "lines": [
          1,
          null
        ],
        "branches": {}
      },
      "/home/yata/breadgram/app/helpers/posts_helper.rb": {
        "lines": [
          1,
          null
        ],
        "branches": {}
      },
      "/home/yata/breadgram/app/controllers/comments_controller.rb": {
        "lines": [
          1,
          1,
          2,
          2,
          null,
          2,
          null,
          null,
          null,
          null,
          null,
          null,
          null,
          null,
          null,
          null,
          null,
          null,
          1,
          3,
          3,
          2,
          2,
          null,
          1,
          null,
          null,
          null,
          1,
          null,
          1,
          2,
          null
        ],
        "branches": {
          "[:if, 0, 21, 4, 26, 7]": {
            "[:then, 1, 22, 6, 23, 36]": 2,
            "[:else, 2, 25, 6, 25, 85]": 1
          }
        }
      },
      "/home/yata/breadgram/app/controllers/application_controller.rb": {
        "lines": [
          1,
          1,
          1,
          1,
          null,
          1,
          null,
          1,
          2,
          2,
          2,
          2,
          null,
          null
        ],
        "branches": {}
      },
      "/home/yata/breadgram/app/controllers/follows_controller.rb": {
        "lines": [
          1,
          1,
          2,
          2,
          2,
          null,
          null,
          1,
          2,
          2,
          2,
          null
        ],
        "branches": {}
      },
      "/home/yata/breadgram/app/controllers/likes_controller.rb": {
        "lines": [
          1,
          1,
          2,
          2,
          2,
          null,
          null,
          1,
          4,
          4,
          4,
          null
        ],
        "branches": {
          "[:\"&.\", 0, 10, 4, 10, 46]": {
            "[:then, 1, 10, 4, 10, 46]": 2,
            "[:else, 2, 10, 4, 10, 46]": 2
          }
        }
      },
      "/home/yata/breadgram/app/controllers/posts_controller.rb": {
        "lines": [
          1,
          1,
          null,
          1,
          3,
          null,
          3,
          1,
          null,
          2,
          null,
          null,
          3,
          null,
          null,
          null,
          null,
          null,
          3,
          null,
          null,
          1,
          2,
          null,
          null,
          2,
          2,
          null,
          null,
          1,
          1,
          null,
          null,
          1,
          2,
          2,
          null,
          null,
          1,
          4,
          null,
          4,
          4,
          null,
          2,
          4,
          2,
          null,
          4,
          2,
          null,
          null,
          null,
          null,
          1,
          2,
          2,
          4,
          2,
          null,
          0,
          0,
          null,
          null,
          null,
          null,
          1,
          null,
          1,
          6,
          null,
          null,
          1,
          6,
          null,
          null
        ],
        "branches": {
          "[:if, 0, 7, 18, 11, 21]": {
            "[:then, 1, 8, 20, 8, 67]": 1,
            "[:else, 2, 10, 20, 10, 28]": 2
          },
          "[:unless, 3, 36, 4, 36, 59]": {
            "[:else, 4, 36, 4, 36, 59]": 1,
            "[:then, 5, 36, 4, 36, 25]": 1
          },
          "[:if, 6, 43, 6, 51, 9]": {
            "[:then, 7, 45, 8, 47, 71]": 2,
            "[:else, 8, 49, 8, 50, 80]": 2
          },
          "[:if, 9, 57, 6, 63, 9]": {
            "[:then, 10, 58, 8, 59, 66]": 2,
            "[:else, 11, 61, 8, 62, 80]": 0
          }
        }
      },
      "/home/yata/breadgram/app/controllers/users_controller.rb": {
        "lines": [
          1,
          1,
          3,
          3,
          null,
          3,
          null,
          3,
          3,
          3,
          null,
          null,
          1,
          1,
          null,
          null,
          1,
          null
        ],
        "branches": {}
      },
      "/home/yata/breadgram/app/jobs/compress_image_job.rb": {
        "lines": [
          1,
          1,
          null,
          1,
          2,
          null,
          2,
          null,
          null,
          4,
          null,
          1,
          1,
          1,
          1,
          null,
          1,
          null,
          1,
          null,
          3,
          2,
          2,
          null,
          1,
          1,
          null,
          null,
          null,
          null
        ],
        "branches": {
          "[:if, 0, 21, 6, 27, 9]": {
            "[:then, 1, 22, 8, 23, 13]": 2,
            "[:else, 2, 25, 8, 26, 13]": 1
          }
        }
      },
      "/home/yata/breadgram/app/jobs/application_job.rb": {
        "lines": [
          1,
          null,
          null,
          null,
          null,
          null,
          null
        ],
        "branches": {}
      },
      "/home/yata/breadgram/app/models/post.rb": {
        "lines": [
          1,
          1,
          1,
          1,
          null,
          1,
          1,
          null,
          1,
          1,
          1,
          null,
          1,
          null,
          1,
          49,
          1,
          null,
          null,
          null
        ],
        "branches": {
          "[:if, 0, 16, 4, 18, 7]": {
            "[:then, 1, 17, 6, 17, 49]": 1,
            "[:else, 2, 16, 4, 18, 7]": 48
          }
        }
      },
      "/home/yata/breadgram/app/models/application_record.rb": {
        "lines": [
          1,
          1,
          null
        ],
        "branches": {}
      },
      "/home/yata/breadgram/app/models/user.rb": {
        "lines": [
          1,
          1,
          null,
          1,
          1,
          1,
          null,
          1,
          1,
          null,
          1,
          null,
          null,
          1,
          null,
          1,
          null,
          null,
          1,
          null,
          1,
          null,
          null,
          null,
          1,
          null,
          null,
          null,
          null,
          1,
          null,
          null,
          null,
          1,
          5,
          5,
          null,
          5,
          3,
          null,
          null,
          null,
          2,
          2,
          null,
          null,
          null,
          1,
          0,
          null,
          null
        ],
        "branches": {
          "[:if, 0, 38, 4, 45, 7]": {
            "[:then, 1, 39, 6, 42, 13]": 3,
            "[:else, 2, 43, 4, 45, 7]": 2
          },
          "[:if, 3, 43, 4, 45, 7]": {
            "[:then, 4, 44, 6, 44, 34]": 2,
            "[:else, 5, 43, 4, 45, 7]": 0
          }
        }
      },
      "/home/yata/breadgram/app/models/comment.rb": {
        "lines": [
          1,
          1,
          1,
          null
        ],
        "branches": {}
      },
      "/home/yata/breadgram/app/models/follow.rb": {
        "lines": [
          1,
          1,
          1,
          null,
          1,
          1,
          1
        ],
        "branches": {}
      },
      "/home/yata/breadgram/app/models/like.rb": {
        "lines": [
          1,
          1,
          1,
          1,
          null
        ],
        "branches": {}
      },
      "/home/yata/breadgram/app/controllers/registrations_controller.rb": {
        "lines": [
          1,
          1,
          null
        ],
        "branches": {}
      }
    },
    "timestamp": 1744737691
  }
}
